d:\sources\c++\csgo_didi\debug\vc142.pdb
d:\sources\c++\csgo_didi\debug\vc142.idb
d:\sources\c++\csgo_didi\debug\memory.obj
d:\sources\c++\csgo_didi\debug\imgui_widgets.obj
d:\sources\c++\csgo_didi\debug\imgui_impl_win32.obj
d:\sources\c++\csgo_didi\debug\imgui_impl_dx9.obj
d:\sources\c++\csgo_didi\debug\imgui_draw.obj
d:\sources\c++\csgo_didi\debug\imgui_demo.obj
d:\sources\c++\csgo_didi\debug\imgui.obj
d:\sources\c++\csgo_didi\debug\hooks.obj
d:\sources\c++\csgo_didi\debug\aimbot.obj
d:\sources\c++\csgo_didi\debug\gui.obj
d:\sources\c++\csgo_didi\debug\dllmain.obj
d:\sources\c++\csgo_didi\debug\esp.obj
d:\sources\c++\csgo_didi\debug\csgo_didi.dll
d:\sources\c++\csgo_didi\debug\csgo_didi.ilk
d:\sources\c++\csgo_didi\debug\csgo_didi.pdb
d:\sources\c++\csgo_didi\debug\csgo_didi.tlog\cl.command.1.tlog
d:\sources\c++\csgo_didi\debug\csgo_didi.tlog\cl.read.1.tlog
d:\sources\c++\csgo_didi\debug\csgo_didi.tlog\cl.write.1.tlog
d:\sources\c++\csgo_didi\debug\csgo_didi.tlog\link.command.1.tlog
d:\sources\c++\csgo_didi\debug\csgo_didi.tlog\link.read.1.tlog
d:\sources\c++\csgo_didi\debug\csgo_didi.tlog\link.write.1.tlog
