d:\sources\c++\csgo_didi\release\vc142.pdb
d:\sources\c++\csgo_didi\release\memory.obj
d:\sources\c++\csgo_didi\release\imgui_widgets.obj
d:\sources\c++\csgo_didi\release\imgui_impl_win32.obj
d:\sources\c++\csgo_didi\release\imgui_impl_dx9.obj
d:\sources\c++\csgo_didi\release\imgui_draw.obj
d:\sources\c++\csgo_didi\release\imgui_demo.obj
d:\sources\c++\csgo_didi\release\imgui.obj
d:\sources\c++\csgo_didi\release\hooks.obj
d:\sources\c++\csgo_didi\release\esp.obj
d:\sources\c++\csgo_didi\release\aimbot.obj
d:\sources\c++\csgo_didi\release\gui.obj
d:\sources\c++\csgo_didi\release\dllmain.obj
d:\sources\c++\csgo_didi\release\csgo_didi.ipdb
d:\sources\c++\csgo_didi\release\csgo_didi.iobj
d:\sources\c++\csgo_didi\release\csgo_didi.dll
d:\sources\c++\csgo_didi\release\csgo_didi.pdb
d:\sources\c++\csgo_didi\release\csgo_didi.tlog\cl.command.1.tlog
d:\sources\c++\csgo_didi\release\csgo_didi.tlog\cl.read.1.tlog
d:\sources\c++\csgo_didi\release\csgo_didi.tlog\cl.write.1.tlog
d:\sources\c++\csgo_didi\release\csgo_didi.tlog\csgo_didi.write.1u.tlog
d:\sources\c++\csgo_didi\release\csgo_didi.tlog\link.command.1.tlog
d:\sources\c++\csgo_didi\release\csgo_didi.tlog\link.delete.1.tlog
d:\sources\c++\csgo_didi\release\csgo_didi.tlog\link.read.1.tlog
d:\sources\c++\csgo_didi\release\csgo_didi.tlog\link.write.1.tlog
